2025-09-18 12:02:01,780 | INFO | Gripper tool 'default_gripper' initialized successfully
2025-09-18 12:02:01,780 | INFO | Tool offset: Translation: [0.000, 0.000, 0.085] m
2025-09-18 12:02:01,780 | INFO | Tool 'default_gripper' attached successfully
2025-09-18 12:02:01,787 | INFO | Joint limits loaded from: /home/thornch/Documents/Python/RB_Work/dynamic/monitoring/../kinematics/src/../../config/constraints.yaml
2025-09-18 12:02:01,787 | INFO | Joint limits loaded from configuration
2025-09-18 12:02:01,787 | INFO | Constraint-free forward kinematics initialized with 6 joints (with tool)
2025-09-18 12:02:01,787 | INFO | Constraint-free inverse kinematics solver initialized
2025-09-18 12:02:01,794 | INFO | Constraints loaded successfully from configuration
2025-09-18 12:02:01,794 | INFO | Constraints checker initialized with config: /home/thornch/Documents/Python/RB_Work/dynamic/config/constraints.yaml
2025-09-18 12:02:01,801 | INFO | Constraints loaded successfully from configuration
2025-09-18 12:02:01,801 | INFO | Constraints checker initialized with config: /home/thornch/Documents/Python/RB_Work/dynamic/config/constraints.yaml
2025-09-18 12:02:01,801 | INFO | AORRTC path planner initialized with real-time optimized parameters
2025-09-18 12:02:01,801 | INFO | Clean path planner initialized: AORRTC primary + smart fallback
2025-09-18 12:02:01,801 | INFO | Trajectory planner initialized
2025-09-18 12:02:01,807 | INFO | Clean collision checker loaded config from: /home/thornch/Documents/Python/RB_Work/dynamic/monitoring/../planning/src/../../config/constraints.yaml
2025-09-18 12:02:01,807 | INFO | RB3-730ES-U collision model: 6 critical pairs (URDF-derived)
2025-09-18 12:02:01,807 | INFO | Motion planner initialized with thread safety
2025-09-18 12:02:01,807 | INFO | Trajectory planner initialized
2025-09-18 12:02:01,808 | INFO | Production controller initialized with trajectory planning
2025-09-18 12:02:01,808 | INFO | Production gripper controller ready
2025-09-18 12:02:01,808 | INFO | Starting pick-and-place task: [250, 100] → [300, -80]
2025-09-18 12:02:01,808 | INFO | Executing with advanced trajectory planning
2025-09-18 12:03:21,496 | INFO | Trajectory generated: 80 interpolated points
2025-09-18 12:03:21,497 | INFO | Task completed successfully in 79.69s
